<?xml version="1.0" encoding="UTF-8"?>
<testsuite xmlns:xsi="http://www.w3.org/2001/XMLSchema-instance" xsi:noNamespaceSchemaLocation="https://maven.apache.org/surefire/maven-surefire-plugin/xsd/surefire-test-report-3.0.xsd" version="3.0" name="com.productservice.userservice.UserServiceApplicationTests" time="20.192" tests="2" errors="0" skipped="0" failures="0">
  <properties>
[...]
</properties>
  <testcase name="StoreRegisteredClientInDb" classname="com.productservice.userservice.UserServiceApplicationTests" time="1.559">
    <system-out><![CDATA[16:41:48.406 [main] INFO org.springframework.test.context.support.AnnotationConfigContextLoaderUtils -- Could not detect default configuration classes for test class [com.productservice.userservice.UserServiceApplicationTests]: UserServiceApplicationTests does not declare any static, non-private, non-final, nested classes annotated with @Configuration.
16:41:48.767 [main] INFO org.springframework.boot.test.context.SpringBootTestContextBootstrapper -- Found @SpringBootConfiguration com.productservice.userservice.UserServiceApplication for test class com.productservice.userservice.UserServiceApplicationTests
16:41:49.337 [main] INFO org.springframework.boot.devtools.restart.RestartApplicationListener -- Restart disabled due to context in which it is running

  .   ____          _            __ _ _
 /\\ / ___'_ __ _ _(_)_ __  __ _ \ \ \ \
( ( )\___ | '_ | '_| | '_ \/ _` | \ \ \ \
 \\/  ___)| |_)| | | | | || (_| |  ) ) ) )
  '  |____| .__|_| |_|_| |_\__, | / / / /
 =========|_|==============|___/=/_/_/_/

 :: Spring Boot ::                (v3.3.3)

2024-09-09T16:41:50.161+05:30  INFO 10624 --- [UserService] [           main] c.p.u.UserServiceApplicationTests        : Starting UserServiceApplicationTests using Java 17.0.2 with PID 10624 (started by kamle in C:\Users\kamle\OneDrive\Desktop\Backend Projects\Projects\Product-Service\UserService)
2024-09-09T16:41:50.164+05:30  INFO 10624 --- [UserService] [           main] c.p.u.UserServiceApplicationTests        : No active profile set, falling back to 1 default profile: "default"
2024-09-09T16:41:52.317+05:30  INFO 10624 --- [UserService] [           main] .s.d.r.c.RepositoryConfigurationDelegate : Bootstrapping Spring Data JPA repositories in DEFAULT mode.
2024-09-09T16:41:52.575+05:30  INFO 10624 --- [UserService] [           main] .s.d.r.c.RepositoryConfigurationDelegate : Finished Spring Data repository scanning in 228 ms. Found 5 JPA repository interfaces.
2024-09-09T16:41:54.442+05:30  INFO 10624 --- [UserService] [           main] com.zaxxer.hikari.HikariDataSource       : HikariPool-1 - Starting...
2024-09-09T16:41:55.610+05:30  INFO 10624 --- [UserService] [           main] com.zaxxer.hikari.pool.HikariPool        : HikariPool-1 - Added connection com.mysql.cj.jdbc.ConnectionImpl@b01cb8d
2024-09-09T16:41:55.615+05:30  INFO 10624 --- [UserService] [           main] com.zaxxer.hikari.HikariDataSource       : HikariPool-1 - Start completed.
2024-09-09T16:41:55.739+05:30  INFO 10624 --- [UserService] [           main] o.f.c.i.resource.ResourceNameValidator   : 1 SQL migrations were detected but not run because they did not follow the filename convention.
2024-09-09T16:41:55.740+05:30  INFO 10624 --- [UserService] [           main] o.f.c.i.resource.ResourceNameValidator   : Set 'validateMigrationNaming' to true to fail fast and see a list of the invalid file names.
2024-09-09T16:41:55.777+05:30  INFO 10624 --- [UserService] [           main] org.flywaydb.core.FlywayExecutor         : Database: jdbc:mysql://localhost:3306/userservice (MySQL 8.0)
2024-09-09T16:41:55.999+05:30  INFO 10624 --- [UserService] [           main] o.f.core.internal.command.DbValidate     : Successfully validated 2 migrations (execution time 00:00.129s)
2024-09-09T16:41:56.050+05:30  INFO 10624 --- [UserService] [           main] o.f.core.internal.command.DbMigrate      : Current version of schema `userservice`: 2
2024-09-09T16:41:56.050+05:30  WARN 10624 --- [UserService] [           main] o.f.core.internal.command.DbMigrate      : Schema `userservice` has a version (2) that is newer than the latest available migration (1) !
2024-09-09T16:41:56.052+05:30  WARN 10624 --- [UserService] [           main] o.f.core.internal.command.DbMigrate      : Schema `userservice` contains a failed future migration to version 2 !
2024-09-09T16:41:56.063+05:30  INFO 10624 --- [UserService] [           main] o.f.core.internal.command.DbMigrate      : Schema `userservice` is up to date. No migration necessary.
2024-09-09T16:41:56.374+05:30  INFO 10624 --- [UserService] [           main] o.hibernate.jpa.internal.util.LogHelper  : HHH000204: Processing PersistenceUnitInfo [name: default]
2024-09-09T16:41:56.623+05:30  INFO 10624 --- [UserService] [           main] org.hibernate.Version                    : HHH000412: Hibernate ORM core version 6.5.2.Final
2024-09-09T16:41:56.750+05:30  INFO 10624 --- [UserService] [           main] o.h.c.internal.RegionFactoryInitiator    : HHH000026: Second-level cache disabled
2024-09-09T16:41:57.782+05:30  INFO 10624 --- [UserService] [           main] o.s.o.j.p.SpringPersistenceUnitInfo      : No LoadTimeWeaver setup: ignoring JPA class transformer
2024-09-09T16:42:00.929+05:30  INFO 10624 --- [UserService] [           main] o.h.e.t.j.p.i.JtaPlatformInitiator       : HHH000489: No JTA platform available (set 'hibernate.transaction.jta.platform' to enable JTA platform integration)
2024-09-09T16:42:01.036+05:30  INFO 10624 --- [UserService] [           main] j.LocalContainerEntityManagerFactoryBean : Initialized JPA EntityManagerFactory for persistence unit 'default'
2024-09-09T16:42:01.905+05:30 DEBUG 10624 --- [UserService] [           main] o.s.s.jackson2.SecurityJackson2Modules   : Loaded module org.springframework.security.jackson2.CoreJackson2Module, now registering
2024-09-09T16:42:01.906+05:30 DEBUG 10624 --- [UserService] [           main] o.s.s.jackson2.SecurityJackson2Modules   : Loaded module org.springframework.security.cas.jackson2.CasJackson2Module, now registering
2024-09-09T16:42:01.907+05:30 DEBUG 10624 --- [UserService] [           main] o.s.s.jackson2.SecurityJackson2Modules   : Loaded module org.springframework.security.web.jackson2.WebJackson2Module, now registering
2024-09-09T16:42:01.908+05:30 DEBUG 10624 --- [UserService] [           main] o.s.s.jackson2.SecurityJackson2Modules   : Loaded module org.springframework.security.web.server.jackson2.WebServerJackson2Module, now registering
2024-09-09T16:42:01.909+05:30 DEBUG 10624 --- [UserService] [           main] o.s.s.jackson2.SecurityJackson2Modules   : Loaded module org.springframework.security.web.jackson2.WebServletJackson2Module, now registering
2024-09-09T16:42:01.910+05:30 DEBUG 10624 --- [UserService] [           main] o.s.s.jackson2.SecurityJackson2Modules   : Loaded module com.fasterxml.jackson.datatype.jsr310.JavaTimeModule, now registering
2024-09-09T16:42:02.114+05:30  INFO 10624 --- [UserService] [           main] o.s.d.j.r.query.QueryEnhancerFactory     : Hibernate is in classpath; If applicable, HQL parser will be used.
2024-09-09T16:42:03.019+05:30 DEBUG 10624 --- [UserService] [           main] o.s.s.jackson2.SecurityJackson2Modules   : Loaded module org.springframework.security.jackson2.CoreJackson2Module, now registering
2024-09-09T16:42:03.020+05:30 DEBUG 10624 --- [UserService] [           main] o.s.s.jackson2.SecurityJackson2Modules   : Loaded module org.springframework.security.cas.jackson2.CasJackson2Module, now registering
2024-09-09T16:42:03.020+05:30 DEBUG 10624 --- [UserService] [           main] o.s.s.jackson2.SecurityJackson2Modules   : Loaded module org.springframework.security.web.jackson2.WebJackson2Module, now registering
2024-09-09T16:42:03.020+05:30 DEBUG 10624 --- [UserService] [           main] o.s.s.jackson2.SecurityJackson2Modules   : Loaded module org.springframework.security.web.server.jackson2.WebServerJackson2Module, now registering
2024-09-09T16:42:03.021+05:30 DEBUG 10624 --- [UserService] [           main] o.s.s.jackson2.SecurityJackson2Modules   : Loaded module org.springframework.security.web.jackson2.WebServletJackson2Module, now registering
2024-09-09T16:42:03.022+05:30 DEBUG 10624 --- [UserService] [           main] o.s.s.jackson2.SecurityJackson2Modules   : Loaded module com.fasterxml.jackson.datatype.jsr310.JavaTimeModule, now registering
2024-09-09T16:42:03.108+05:30  WARN 10624 --- [UserService] [           main] JpaBaseConfiguration$JpaWebConfiguration : spring.jpa.open-in-view is enabled by default. Therefore, database queries may be performed during view rendering. Explicitly configure spring.jpa.open-in-view to disable this warning
2024-09-09T16:42:03.167+05:30 TRACE 10624 --- [UserService] [           main] eGlobalAuthenticationAutowiredConfigurer : Eagerly initializing {securityConfigs=com.productservice.userservice.Security.Configs.SecurityConfigs$$SpringCGLIB$$0@420dde28}
2024-09-09T16:42:03.412+05:30  INFO 10624 --- [UserService] [           main] r$InitializeUserDetailsManagerConfigurer : Global AuthenticationManager configured with UserDetailsService bean with name userDetailsService
2024-09-09T16:42:03.690+05:30 DEBUG 10624 --- [UserService] [           main] edFilterInvocationSecurityMetadataSource : Adding web access control expression [permitAll] for any request
2024-09-09T16:42:03.751+05:30 TRACE 10624 --- [UserService] [           main] o.s.s.w.a.i.FilterSecurityInterceptor    : Validated configuration attributes
2024-09-09T16:42:03.753+05:30 TRACE 10624 --- [UserService] [           main] o.s.s.w.a.i.FilterSecurityInterceptor    : Validated configuration attributes
2024-09-09T16:42:03.754+05:30 DEBUG 10624 --- [UserService] [           main] o.s.s.web.DefaultSecurityFilterChain     : Will secure any request with filters: DisableEncodeUrlFilter, WebAsyncManagerIntegrationFilter, SecurityContextHolderFilter, HeaderWriterFilter, LogoutFilter, RequestCacheAwareFilter, SecurityContextHolderAwareRequestFilter, AnonymousAuthenticationFilter, ExceptionTranslationFilter, FilterSecurityInterceptor
2024-09-09T16:42:05.474+05:30 DEBUG 10624 --- [UserService] [           main] o.s.s.web.DefaultSecurityFilterChain     : Will secure org.springframework.security.oauth2.server.authorization.config.annotation.web.configurers.OAuth2AuthorizationServerConfigurer$$Lambda$1860/0x00000008016cb140@780ccdc9 with filters: DisableEncodeUrlFilter, WebAsyncManagerIntegrationFilter, SecurityContextHolderFilter, AuthorizationServerContextFilter, HeaderWriterFilter, CsrfFilter, OidcLogoutEndpointFilter, LogoutFilter, OAuth2AuthorizationServerMetadataEndpointFilter, OAuth2AuthorizationEndpointFilter, OAuth2DeviceVerificationEndpointFilter, OidcProviderConfigurationEndpointFilter, NimbusJwkSetEndpointFilter, OAuth2ClientAuthenticationFilter, BearerTokenAuthenticationFilter, RequestCacheAwareFilter, SecurityContextHolderAwareRequestFilter, AnonymousAuthenticationFilter, ExceptionTranslationFilter, AuthorizationFilter, OAuth2TokenEndpointFilter, OAuth2TokenIntrospectionEndpointFilter, OAuth2TokenRevocationEndpointFilter, OAuth2DeviceAuthorizationEndpointFilter, OidcUserInfoEndpointFilter
2024-09-09T16:42:05.505+05:30 DEBUG 10624 --- [UserService] [           main] o.s.s.web.DefaultSecurityFilterChain     : Will secure any request with filters: DisableEncodeUrlFilter, WebAsyncManagerIntegrationFilter, SecurityContextHolderFilter, HeaderWriterFilter, CsrfFilter, LogoutFilter, UsernamePasswordAuthenticationFilter, DefaultLoginPageGeneratingFilter, DefaultLogoutPageGeneratingFilter, RequestCacheAwareFilter, SecurityContextHolderAwareRequestFilter, AnonymousAuthenticationFilter, ExceptionTranslationFilter, AuthorizationFilter
2024-09-09T16:42:06.502+05:30  INFO 10624 --- [UserService] [           main] c.p.u.UserServiceApplicationTests        : Started UserServiceApplicationTests in 17.198 seconds (process running for 20.11)
Hibernate: select c1_0.id,c1_0.authorization_grant_types,c1_0.client_authentication_methods,c1_0.client_id,c1_0.client_id_issued_at,c1_0.client_name,c1_0.client_secret,c1_0.client_secret_expires_at,c1_0.client_settings,c1_0.post_logout_redirect_uris,c1_0.redirect_uris,c1_0.scopes,c1_0.token_settings from `client` c1_0 where c1_0.id=?
Hibernate: insert into `client` (authorization_grant_types,client_authentication_methods,client_id,client_id_issued_at,client_name,client_secret,client_secret_expires_at,client_settings,post_logout_redirect_uris,redirect_uris,scopes,token_settings,id) values (?,?,?,?,?,?,?,?,?,?,?,?,?)
]]></system-out>
  </testcase>
  <testcase name="contextLoads" classname="com.productservice.userservice.UserServiceApplicationTests" time="0.011"/>
</testsuite>