<?xml version="1.0" encoding="UTF-8"?>
<testsuite xmlns:xsi="http://www.w3.org/2001/XMLSchema-instance" xsi:noNamespaceSchemaLocation="https://maven.apache.org/surefire/maven-surefire-plugin/xsd/surefire-test-report-3.0.xsd" version="3.0" name="com.productservice.products.ProductsCatalogueApplicationTests" time="17.639" tests="1" errors="0" skipped="0" failures="0">
  <properties>
[...]
</properties>
  <testcase name="contextLoads" classname="com.productservice.products.ProductsCatalogueApplicationTests" time="1.157">
    <system-out><![CDATA[07:54:50.882 [main] INFO org.springframework.test.context.support.AnnotationConfigContextLoaderUtils -- Could not detect default configuration classes for test class [com.productservice.products.ProductsCatalogueApplicationTests]: ProductsCatalogueApplicationTests does not declare any static, non-private, non-final, nested classes annotated with @Configuration.
07:54:51.157 [main] INFO org.springframework.boot.test.context.SpringBootTestContextBootstrapper -- Found @SpringBootConfiguration com.productservice.products.ProductsCatalogueApplication for test class com.productservice.products.ProductsCatalogueApplicationTests
07:54:51.719 [main] INFO org.springframework.boot.devtools.restart.RestartApplicationListener -- Restart disabled due to context in which it is running

  .   ____          _            __ _ _
 /\\ / ___'_ __ _ _(_)_ __  __ _ \ \ \ \
( ( )\___ | '_ | '_| | '_ \/ _` | \ \ \ \
 \\/  ___)| |_)| | | | | || (_| |  ) ) ) )
  '  |____| .__|_| |_|_| |_\__, | / / / /
 =========|_|==============|___/=/_/_/_/

 :: Spring Boot ::                (v3.3.2)

2024-08-19T07:54:52.440+05:30  INFO 2548 --- [ProductsCatalogue] [           main] c.p.p.ProductsCatalogueApplicationTests  : Starting ProductsCatalogueApplicationTests using Java 17.0.2 with PID 2548 (started by kamle in C:\Users\kamle\OneDrive\Desktop\Backend Projects\Projects\ProductsCatalogue)
2024-08-19T07:54:52.446+05:30  INFO 2548 --- [ProductsCatalogue] [           main] c.p.p.ProductsCatalogueApplicationTests  : No active profile set, falling back to 1 default profile: "default"
2024-08-19T07:54:55.041+05:30  INFO 2548 --- [ProductsCatalogue] [           main] .s.d.r.c.RepositoryConfigurationDelegate : Bootstrapping Spring Data JPA repositories in DEFAULT mode.
2024-08-19T07:54:55.255+05:30  INFO 2548 --- [ProductsCatalogue] [           main] .s.d.r.c.RepositoryConfigurationDelegate : Finished Spring Data repository scanning in 189 ms. Found 2 JPA repository interfaces.
2024-08-19T07:54:57.054+05:30  INFO 2548 --- [ProductsCatalogue] [           main] com.zaxxer.hikari.HikariDataSource       : HikariPool-1 - Starting...
2024-08-19T07:54:58.150+05:30  INFO 2548 --- [ProductsCatalogue] [           main] com.zaxxer.hikari.pool.HikariPool        : HikariPool-1 - Added connection com.mysql.cj.jdbc.ConnectionImpl@54f6b629
2024-08-19T07:54:58.157+05:30  INFO 2548 --- [ProductsCatalogue] [           main] com.zaxxer.hikari.HikariDataSource       : HikariPool-1 - Start completed.
2024-08-19T07:54:58.261+05:30  INFO 2548 --- [ProductsCatalogue] [           main] o.f.c.i.resource.ResourceNameValidator   : 2 SQL migrations were detected but not run because they did not follow the filename convention.
2024-08-19T07:54:58.262+05:30  INFO 2548 --- [ProductsCatalogue] [           main] o.f.c.i.resource.ResourceNameValidator   : Set 'validateMigrationNaming' to true to fail fast and see a list of the invalid file names.
2024-08-19T07:54:58.306+05:30  INFO 2548 --- [ProductsCatalogue] [           main] org.flywaydb.core.FlywayExecutor         : Database: jdbc:mysql://localhost:3306/ProductService (MySQL 8.0)
2024-08-19T07:54:58.523+05:30  INFO 2548 --- [ProductsCatalogue] [           main] o.f.core.internal.command.DbValidate     : Successfully validated 1 migration (execution time 00:00.121s)
2024-08-19T07:54:58.571+05:30  INFO 2548 --- [ProductsCatalogue] [           main] o.f.core.internal.command.DbMigrate      : Current version of schema `productservice`: 1
2024-08-19T07:54:58.572+05:30 ERROR 2548 --- [ProductsCatalogue] [           main] o.f.core.internal.command.DbMigrate      : Schema `productservice` has version 1, but no migration could be resolved in the configured locations !
2024-08-19T07:54:58.573+05:30  WARN 2548 --- [ProductsCatalogue] [           main] o.f.core.internal.command.DbMigrate      : Schema `productservice` contains a failed future migration to version 1 !
2024-08-19T07:54:58.585+05:30  INFO 2548 --- [ProductsCatalogue] [           main] o.f.core.internal.command.DbMigrate      : Schema `productservice` is up to date. No migration necessary.
2024-08-19T07:54:58.992+05:30  INFO 2548 --- [ProductsCatalogue] [           main] o.hibernate.jpa.internal.util.LogHelper  : HHH000204: Processing PersistenceUnitInfo [name: default]
2024-08-19T07:54:59.258+05:30  INFO 2548 --- [ProductsCatalogue] [           main] org.hibernate.Version                    : HHH000412: Hibernate ORM core version 6.5.2.Final
2024-08-19T07:54:59.405+05:30  INFO 2548 --- [ProductsCatalogue] [           main] o.h.c.internal.RegionFactoryInitiator    : HHH000026: Second-level cache disabled
2024-08-19T07:55:00.555+05:30  INFO 2548 --- [ProductsCatalogue] [           main] o.s.o.j.p.SpringPersistenceUnitInfo      : No LoadTimeWeaver setup: ignoring JPA class transformer
2024-08-19T07:55:03.454+05:30  INFO 2548 --- [ProductsCatalogue] [           main] o.h.e.t.j.p.i.JtaPlatformInitiator       : HHH000489: No JTA platform available (set 'hibernate.transaction.jta.platform' to enable JTA platform integration)
2024-08-19T07:55:03.572+05:30  INFO 2548 --- [ProductsCatalogue] [           main] j.LocalContainerEntityManagerFactoryBean : Initialized JPA EntityManagerFactory for persistence unit 'default'
2024-08-19T07:55:04.458+05:30  INFO 2548 --- [ProductsCatalogue] [           main] o.s.d.j.r.query.QueryEnhancerFactory     : Hibernate is in classpath; If applicable, HQL parser will be used.
2024-08-19T07:55:05.827+05:30  WARN 2548 --- [ProductsCatalogue] [           main] JpaBaseConfiguration$JpaWebConfiguration : spring.jpa.open-in-view is enabled by default. Therefore, database queries may be performed during view rendering. Explicitly configure spring.jpa.open-in-view to disable this warning
2024-08-19T07:55:06.887+05:30  INFO 2548 --- [ProductsCatalogue] [           main] c.p.p.ProductsCatalogueApplicationTests  : Started ProductsCatalogueApplicationTests in 15.219 seconds (process running for 17.894)
]]></system-out>
  </testcase>
</testsuite>